Using pre-set license
Built from '2022.3/staging' branch; Version is '2022.3.10f1 (ff3792e53c62) revision 16725906'; Using compiler version '192829333'; Build Type 'Release'
OS: 'Windows 10  (10.0.19045) 64bit Core' Language: 'en' Physical Memory: 16295 MB
BatchMode: 1, IsHumanControllingUs: 0, StartBugReporterOnCrash: 0, Is64bit: 1, IsPro: 1

COMMAND LINE ARGUMENTS:
C:\Program Files\Unity\Hub\Editor\2022.3.10f1\Editor\Unity.exe
-adb2
-batchMode
-noUpm
-name
AssetImportWorker4
-projectPath
C:/Users/chris/Desktop/School/Fall23/CompGraphics/CS4361-Doveland-16c6e40ed0ccf8e88dce83cfb5789c9dcf1173e1/Welcome to Doveland
-logFile
Logs/AssetImportWorker4.log
-srvPort
52183
Successfully changed project path to: C:/Users/chris/Desktop/School/Fall23/CompGraphics/CS4361-Doveland-16c6e40ed0ccf8e88dce83cfb5789c9dcf1173e1/Welcome to Doveland
C:/Users/chris/Desktop/School/Fall23/CompGraphics/CS4361-Doveland-16c6e40ed0ccf8e88dce83cfb5789c9dcf1173e1/Welcome to Doveland
[UnityMemory] Configuration Parameters - Can be set up in boot.config
    "memorysetup-bucket-allocator-granularity=16"
    "memorysetup-bucket-allocator-bucket-count=8"
    "memorysetup-bucket-allocator-block-size=33554432"
    "memorysetup-bucket-allocator-block-count=8"
    "memorysetup-main-allocator-block-size=16777216"
    "memorysetup-thread-allocator-block-size=16777216"
    "memorysetup-gfx-main-allocator-block-size=16777216"
    "memorysetup-gfx-thread-allocator-block-size=16777216"
    "memorysetup-cache-allocator-block-size=4194304"
    "memorysetup-typetree-allocator-block-size=2097152"
    "memorysetup-profiler-bucket-allocator-granularity=16"
    "memorysetup-profiler-bucket-allocator-bucket-count=8"
    "memorysetup-profiler-bucket-allocator-block-size=33554432"
    "memorysetup-profiler-bucket-allocator-block-count=8"
    "memorysetup-profiler-allocator-block-size=16777216"
    "memorysetup-profiler-editor-allocator-block-size=1048576"
    "memorysetup-temp-allocator-size-main=16777216"
    "memorysetup-job-temp-allocator-block-size=2097152"
    "memorysetup-job-temp-allocator-block-size-background=1048576"
    "memorysetup-job-temp-allocator-reduction-small-platforms=262144"
    "memorysetup-allocator-temp-initial-block-size-main=262144"
    "memorysetup-allocator-temp-initial-block-size-worker=262144"
    "memorysetup-temp-allocator-size-background-worker=32768"
    "memorysetup-temp-allocator-size-job-worker=262144"
    "memorysetup-temp-allocator-size-preload-manager=33554432"
    "memorysetup-temp-allocator-size-nav-mesh-worker=65536"
    "memorysetup-temp-allocator-size-audio-worker=65536"
    "memorysetup-temp-allocator-size-cloud-worker=32768"
    "memorysetup-temp-allocator-size-gi-baking-worker=262144"
    "memorysetup-temp-allocator-size-gfx=262144"
Player connection [16096] Host "[IP] 192.168.1.77 [Port] 0 [Flags] 2 [Guid] 1372488070 [EditorId] 1372488070 [Version] 1048832 [Id] WindowsEditor(7,Chris-Pc) [Debug] 1 [PackageName] WindowsEditor [ProjectName] Editor" joined multi-casting on [225.0.0.222:54997]...

Player connection [16096] Host "[IP] 192.168.1.77 [Port] 0 [Flags] 2 [Guid] 1372488070 [EditorId] 1372488070 [Version] 1048832 [Id] WindowsEditor(7,Chris-Pc) [Debug] 1 [PackageName] WindowsEditor [ProjectName] Editor" joined alternative multi-casting on [225.0.0.222:34997]...

[Physics::Module] Initialized MultithreadedJobDispatcher with 15 workers.
Refreshing native plugins compatible for Editor in 16.83 ms, found 4 plugins.
Preloading 0 native plugins for Editor in 0.00 ms.
Initialize engine version: 2022.3.10f1 (ff3792e53c62)
[Subsystems] Discovering subsystems at path C:/Program Files/Unity/Hub/Editor/2022.3.10f1/Editor/Data/Resources/UnitySubsystems
[Subsystems] Discovering subsystems at path C:/Users/chris/Desktop/School/Fall23/CompGraphics/CS4361-Doveland-16c6e40ed0ccf8e88dce83cfb5789c9dcf1173e1/Welcome to Doveland/Assets
GfxDevice: creating device client; threaded=0; jobified=0
Direct3D:
    Version:  Direct3D 11.0 [level 11.1]
    Renderer: NVIDIA GeForce GTX 1070 Ti (ID=0x1b82)
    Vendor:   NVIDIA
    VRAM:     8073 MB
    Driver:   31.0.15.3734
Initialize mono
Mono path[0] = 'C:/Program Files/Unity/Hub/Editor/2022.3.10f1/Editor/Data/Managed'
Mono path[1] = 'C:/Program Files/Unity/Hub/Editor/2022.3.10f1/Editor/Data/MonoBleedingEdge/lib/mono/unityjit-win32'
Mono config path = 'C:/Program Files/Unity/Hub/Editor/2022.3.10f1/Editor/Data/MonoBleedingEdge/etc'
Using monoOptions --debugger-agent=transport=dt_socket,embedding=1,server=y,suspend=n,address=127.0.0.1:56120
Begin MonoManager ReloadAssembly
Registering precompiled unity dll's ...
Register platform support module: C:/Program Files/Unity/Hub/Editor/2022.3.10f1/Editor/Data/PlaybackEngines/WindowsStandaloneSupport/UnityEditor.WindowsStandalone.Extensions.dll
Registered in 0.014935 seconds.
- Loaded All Assemblies, in  0.451 seconds
Native extension for WindowsStandalone target not found
Mono: successfully reloaded assembly
- Finished resetting the current domain, in  0.313 seconds
Domain Reload Profiling: 761ms
	BeginReloadAssembly (156ms)
		ExecutionOrderSort (0ms)
		DisableScriptedObjects (0ms)
		BackupInstance (0ms)
		ReleaseScriptingObjects (0ms)
		CreateAndSetChildDomain (1ms)
	RebuildCommonClasses (52ms)
	RebuildNativeTypeToScriptingClass (14ms)
	initialDomainReloadingComplete (76ms)
	LoadAllAssembliesAndSetupDomain (150ms)
		LoadAssemblies (150ms)
		RebuildTransferFunctionScriptingTraits (0ms)
		AnalyzeDomain (148ms)
			TypeCache.Refresh (146ms)
				TypeCache.ScanAssembly (133ms)
			ScanForSourceGeneratedMonoScriptInfo (0ms)
			ResolveRequiredComponents (0ms)
	FinalizeReload (313ms)
		ReleaseScriptCaches (0ms)
		RebuildScriptCaches (0ms)
		SetupLoadedEditorAssemblies (238ms)
			LogAssemblyErrors (0ms)
			InitializePlatformSupportModulesInManaged (13ms)
			SetLoadedEditorAssemblies (9ms)
			RefreshPlugins (0ms)
			BeforeProcessingInitializeOnLoad (2ms)
			ProcessInitializeOnLoadAttributes (157ms)
			ProcessInitializeOnLoadMethodAttributes (56ms)
			AfterProcessingInitializeOnLoad (0ms)
			EditorAssembliesLoaded (0ms)
		ExecutionOrderSort2 (0ms)
		AwakeInstancesAfterBackupRestoration (0ms)
========================================================================
Worker process is ready to serve import requests
Begin MonoManager ReloadAssembly
DirectoryNotFoundException: Could not find a part of the path "C:\Users\chris\Desktop\School\Fall23\CompGraphics\CS4361-Doveland-16c6e40ed0ccf8e88dce83cfb5789c9dcf1173e1\Welcome to Doveland\Library\PackageCache\com.unity.visualscripting@1.9.0\Editor\VisualScripting.Core\Dependencies\YamlDotNet\Unity.VisualScripting.YamlDotNet.dll"
  at System.IO.FileStream..ctor (System.String path, System.IO.FileMode mode, System.IO.FileAccess access, System.IO.FileShare share, System.Int32 bufferSize, System.Boolean anonymous, System.IO.FileOptions options) [0x0019e] in <787acc3c9a4c471ba7d971300105af24>:0 
  at System.IO.FileStream..ctor (System.String path, System.IO.FileMode mode, System.IO.FileAccess access, System.IO.FileShare share) [0x00000] in <787acc3c9a4c471ba7d971300105af24>:0 
  at (wrapper remoting-invoke-with-check) System.IO.FileStream..ctor(string,System.IO.FileMode,System.IO.FileAccess,System.IO.FileShare)
  at Mono.Cecil.ModuleDefinition.GetFileStream (System.String fileName, System.IO.FileMode mode, System.IO.FileAccess access, System.IO.FileShare share) [0x00006] in <a6860a9f6366437387ebdc1f225b7fd4>:0 
  at Mono.Cecil.ModuleDefinition.ReadModule (System.String fileName, Mono.Cecil.ReaderParameters parameters) [0x00008] in <a6860a9f6366437387ebdc1f225b7fd4>:0 
  at Mono.Cecil.AssemblyDefinition.ReadAssembly (System.String fileName, Mono.Cecil.ReaderParameters parameters) [0x00000] in <a6860a9f6366437387ebdc1f225b7fd4>:0 
  at UnityEditor.AssemblyValidation.LoadAssemblyDefinitions (System.String[] assemblyPaths, System.String[] searchPaths) [0x00048] in <fe7039efe678478d9c83e73bc6a6566d>:0 
  at UnityEditor.AssemblyValidation.ValidateAssemblies (System.String[] assemblyPaths, System.Boolean enableLogging) [0x00007] in <fe7039efe678478d9c83e73bc6a6566d>:0 

- Loaded All Assemblies, in  0.666 seconds
Refreshing native plugins compatible for Editor in 6.11 ms, found 4 plugins.
Native extension for WindowsStandalone target not found
Package Manager log level set to [2]
[Package Manager] Server::EnsureServerProcessIsRunning -- launch failed, reason: Unity was launched with the -noUpm command-line argument
[Package Manager] UpmClient::Send -- Unable to send message (not connected to UPM process).
[Package Manager] Cannot connect to Unity Package Manager local server
[Package Manager] Server::EnsureServerProcessIsRunning -- launch failed, reason: Unity was launched with the -noUpm command-line argument
[Package Manager] UpmClient::Send -- Unable to send message (not connected to UPM process).
[Package Manager] Cannot connect to Unity Package Manager local server
Mono: successfully reloaded assembly
- Finished resetting the current domain, in  0.871 seconds
Domain Reload Profiling: 1532ms
	BeginReloadAssembly (176ms)
		ExecutionOrderSort (0ms)
		DisableScriptedObjects (6ms)
		BackupInstance (0ms)
		ReleaseScriptingObjects (0ms)
		CreateAndSetChildDomain (24ms)
	RebuildCommonClasses (40ms)
	RebuildNativeTypeToScriptingClass (13ms)
	initialDomainReloadingComplete (52ms)
	LoadAllAssembliesAndSetupDomain (379ms)
		LoadAssemblies (238ms)
		RebuildTransferFunctionScriptingTraits (0ms)
		AnalyzeDomain (244ms)
			TypeCache.Refresh (206ms)
				TypeCache.ScanAssembly (186ms)
			ScanForSourceGeneratedMonoScriptInfo (28ms)
			ResolveRequiredComponents (7ms)
	FinalizeReload (871ms)
		ReleaseScriptCaches (0ms)
		RebuildScriptCaches (0ms)
		SetupLoadedEditorAssemblies (666ms)
			LogAssemblyErrors (0ms)
			InitializePlatformSupportModulesInManaged (10ms)
			SetLoadedEditorAssemblies (8ms)
			RefreshPlugins (0ms)
			BeforeProcessingInitializeOnLoad (105ms)
			ProcessInitializeOnLoadAttributes (505ms)
			ProcessInitializeOnLoadMethodAttributes (25ms)
			AfterProcessingInitializeOnLoad (12ms)
			EditorAssembliesLoaded (0ms)
		ExecutionOrderSort2 (0ms)
		AwakeInstancesAfterBackupRestoration (7ms)
Launched and connected shader compiler UnityShaderCompiler.exe after 0.07 seconds
Refreshing native plugins compatible for Editor in 8.20 ms, found 4 plugins.
Preloading 0 native plugins for Editor in 0.00 ms.
Unloading 4192 Unused Serialized files (Serialized files now loaded: 0)
Unloading 77 unused Assets / (0.7 MB). Loaded Objects now: 4795.
Memory consumption went from 202.3 MB to 201.6 MB.
Total: 4.244400 ms (FindLiveObjects: 0.466100 ms CreateObjectMapping: 0.150700 ms MarkObjects: 3.267400 ms  DeleteObjects: 0.359300 ms)

AssetImportParameters requested are different than current active one (requested -> active):
  custom:container-demuxer-ogg: 62fdf1f143b41e24485cea50d1cbac27 -> 
  custom:video-decoder-ogg-theora: a1e56fd34408186e4bbccfd4996cb3dc -> 
  custom:framework-win-MediaFoundation: 216162199b28c13a410421893ffa2e32 -> 
  custom:CustomObjectIndexerAttribute: 756ad292c208cfabdd7b50bc23989ffe -> 
  custom:container-demuxer-webm: 4f35f7cbe854078d1ac9338744f61a02 -> 
  custom:container-muxer-webm: aa71ff27fc2769a1b78a27578f13a17b -> 
  custom:video-decoder-webm-vp8: 9c59270c3fd7afecdb556c50c9e8de78 -> 
  custom:SearchIndexIgnoredProperties: e643bd26f0fe6173181afceb89e7c659 -> 
  custom:AudioImporter_EditorPlatform: d09bf68614088b80899f8185d706f6e7 -> 
  custom:video-encoder-webm-vp8: eb34c28f22e8b96e1ab97ce403110664 -> 
  custom:audio-decoder-ogg-vorbis: bf7c407c2cedff20999df2af8eb42d56 -> 
  custom:audio-encoder-webm-vorbis: bf7c407c2cedff20999df2af8eb42d56 -> 
========================================================================
Received Import Request.
  Time since last request: 206371.523822 seconds.
  path: Assets/Cabin/Prefabs
  artifactKey: Guid(a3839b42e1c4a0d4eb40cdbceb43c28c) Importer(815301076,1909f56bfc062723c751e8b465ee728b)
Start importing Assets/Cabin/Prefabs using Guid(a3839b42e1c4a0d4eb40cdbceb43c28c) Importer(815301076,1909f56bfc062723c751e8b465ee728b)  -> (artifact id: '861132dea3912ad901647a939a955b82') in 0.002609 seconds
Number of updated asset objects reloaded before import = 0
Number of asset objects unloaded after import = 0
========================================================================
Received Import Request.
  Time since last request: 76.289930 seconds.
  path: Assets/Cabin/Terrain/ground.png
  artifactKey: Guid(587887904fc94d54cb72cd4f158dfaa5) Importer(815301076,1909f56bfc062723c751e8b465ee728b)
Start importing Assets/Cabin/Terrain/ground.png using Guid(587887904fc94d54cb72cd4f158dfaa5) Importer(815301076,1909f56bfc062723c751e8b465ee728b)  -> (artifact id: 'e66032f5a63453c8607bc964fdd14e91') in 0.087162 seconds
Number of updated asset objects reloaded before import = 0
Number of asset objects unloaded after import = 2
========================================================================
Received Import Request.
  Time since last request: 0.000022 seconds.
  path: Assets/Cabin/Terrain/terrain.asset
  artifactKey: Guid(c3efb4f4cf372834ea40068955c091e5) Importer(815301076,1909f56bfc062723c751e8b465ee728b)
Start importing Assets/Cabin/Terrain/terrain.asset using Guid(c3efb4f4cf372834ea40068955c091e5) Importer(815301076,1909f56bfc062723c751e8b465ee728b)  -> (artifact id: 'ed2809ee3872b29c504788e72a739b67') in 0.288675 seconds
Number of updated asset objects reloaded before import = 0
Number of asset objects unloaded after import = 20
========================================================================
Received Import Request.
  Time since last request: 176.562547 seconds.
  path: Assets/Cabin/Models/Materials/Fire.mat
  artifactKey: Guid(3754a8dd9fb855f4292e7e4cd39bd442) Importer(815301076,1909f56bfc062723c751e8b465ee728b)
Start importing Assets/Cabin/Models/Materials/Fire.mat using Guid(3754a8dd9fb855f4292e7e4cd39bd442) Importer(815301076,1909f56bfc062723c751e8b465ee728b)  -> (artifact id: 'dee7944ff7b8f6e3ed3925315bf1440e') in 0.099088 seconds
Number of updated asset objects reloaded before import = 0
Number of asset objects unloaded after import = 2
========================================================================
Received Prepare
Begin MonoManager ReloadAssembly
DirectoryNotFoundException: Could not find a part of the path "C:\Users\chris\Desktop\School\Fall23\CompGraphics\CS4361-Doveland-16c6e40ed0ccf8e88dce83cfb5789c9dcf1173e1\Welcome to Doveland\Library\PackageCache\com.unity.visualscripting@1.9.0\Editor\VisualScripting.Core\Dependencies\YamlDotNet\Unity.VisualScripting.YamlDotNet.dll"
  at System.IO.FileStream..ctor (System.String path, System.IO.FileMode mode, System.IO.FileAccess access, System.IO.FileShare share, System.Int32 bufferSize, System.Boolean anonymous, System.IO.FileOptions options) [0x0019e] in <787acc3c9a4c471ba7d971300105af24>:0 
  at System.IO.FileStream..ctor (System.String path, System.IO.FileMode mode, System.IO.FileAccess access, System.IO.FileShare share) [0x00000] in <787acc3c9a4c471ba7d971300105af24>:0 
  at (wrapper remoting-invoke-with-check) System.IO.FileStream..ctor(string,System.IO.FileMode,System.IO.FileAccess,System.IO.FileShare)
  at Mono.Cecil.ModuleDefinition.GetFileStream (System.String fileName, System.IO.FileMode mode, System.IO.FileAccess access, System.IO.FileShare share) [0x00006] in <a6860a9f6366437387ebdc1f225b7fd4>:0 
  at Mono.Cecil.ModuleDefinition.ReadModule (System.String fileName, Mono.Cecil.ReaderParameters parameters) [0x00008] in <a6860a9f6366437387ebdc1f225b7fd4>:0 
  at Mono.Cecil.AssemblyDefinition.ReadAssembly (System.String fileName, Mono.Cecil.ReaderParameters parameters) [0x00000] in <a6860a9f6366437387ebdc1f225b7fd4>:0 
  at UnityEditor.AssemblyValidation.LoadAssemblyDefinitions (System.String[] assemblyPaths, System.String[] searchPaths) [0x00048] in <fe7039efe678478d9c83e73bc6a6566d>:0 
  at UnityEditor.AssemblyValidation.ValidateAssemblies (System.String[] assemblyPaths, System.Boolean enableLogging) [0x00007] in <fe7039efe678478d9c83e73bc6a6566d>:0 

- Loaded All Assemblies, in  0.441 seconds
Refreshing native plugins compatible for Editor in 6.45 ms, found 4 plugins.
Native extension for WindowsStandalone target not found
[Package Manager] Server::EnsureServerProcessIsRunning -- launch failed, reason: Unity was launched with the -noUpm command-line argument
[Package Manager] UpmClient::Send -- Unable to send message (not connected to UPM process).
[Package Manager] Cannot connect to Unity Package Manager local server
[Package Manager] Server::EnsureServerProcessIsRunning -- launch failed, reason: Unity was launched with the -noUpm command-line argument
[Package Manager] UpmClient::Send -- Unable to send message (not connected to UPM process).
[Package Manager] Cannot connect to Unity Package Manager local server
Mono: successfully reloaded assembly
- Finished resetting the current domain, in  1.517 seconds
Domain Reload Profiling: 1953ms
	BeginReloadAssembly (185ms)
		ExecutionOrderSort (0ms)
		DisableScriptedObjects (6ms)
		BackupInstance (0ms)
		ReleaseScriptingObjects (0ms)
		CreateAndSetChildDomain (40ms)
	RebuildCommonClasses (40ms)
	RebuildNativeTypeToScriptingClass (14ms)
	initialDomainReloadingComplete (37ms)
	LoadAllAssembliesAndSetupDomain (160ms)
		LoadAssemblies (238ms)
		RebuildTransferFunctionScriptingTraits (0ms)
		AnalyzeDomain (19ms)
			TypeCache.Refresh (7ms)
				TypeCache.ScanAssembly (0ms)
			ScanForSourceGeneratedMonoScriptInfo (0ms)
			ResolveRequiredComponents (9ms)
	FinalizeReload (1517ms)
		ReleaseScriptCaches (0ms)
		RebuildScriptCaches (0ms)
		SetupLoadedEditorAssemblies (665ms)
			LogAssemblyErrors (0ms)
			InitializePlatformSupportModulesInManaged (9ms)
			SetLoadedEditorAssemblies (8ms)
			RefreshPlugins (0ms)
			BeforeProcessingInitializeOnLoad (111ms)
			ProcessInitializeOnLoadAttributes (495ms)
			ProcessInitializeOnLoadMethodAttributes (26ms)
			AfterProcessingInitializeOnLoad (14ms)
			EditorAssembliesLoaded (0ms)
		ExecutionOrderSort2 (0ms)
		AwakeInstancesAfterBackupRestoration (8ms)
Refreshing native plugins compatible for Editor in 7.84 ms, found 4 plugins.
Preloading 0 native plugins for Editor in 0.00 ms.
Unloading 4101 Unused Serialized files (Serialized files now loaded: 0)
Unloading 44 unused Assets / (0.7 MB). Loaded Objects now: 4854.
Memory consumption went from 186.1 MB to 185.4 MB.
Total: 4.493800 ms (FindLiveObjects: 0.534300 ms CreateObjectMapping: 0.194400 ms MarkObjects: 3.410400 ms  DeleteObjects: 0.353100 ms)

Prepare: number of updated asset objects reloaded= 0
AssetImportParameters requested are different than current active one (requested -> active):
  custom:container-demuxer-ogg: 62fdf1f143b41e24485cea50d1cbac27 -> 
  custom:video-decoder-ogg-theora: a1e56fd34408186e4bbccfd4996cb3dc -> 
  custom:framework-win-MediaFoundation: 216162199b28c13a410421893ffa2e32 -> 
  custom:CustomObjectIndexerAttribute: 756ad292c208cfabdd7b50bc23989ffe -> 
  custom:container-demuxer-webm: 4f35f7cbe854078d1ac9338744f61a02 -> 
  custom:container-muxer-webm: aa71ff27fc2769a1b78a27578f13a17b -> 
  custom:video-decoder-webm-vp8: 9c59270c3fd7afecdb556c50c9e8de78 -> 
  custom:SearchIndexIgnoredProperties: e643bd26f0fe6173181afceb89e7c659 -> 
  custom:AudioImporter_EditorPlatform: d09bf68614088b80899f8185d706f6e7 -> 
  custom:video-encoder-webm-vp8: eb34c28f22e8b96e1ab97ce403110664 -> 
  custom:audio-decoder-ogg-vorbis: bf7c407c2cedff20999df2af8eb42d56 -> 
  custom:audio-encoder-webm-vorbis: bf7c407c2cedff20999df2af8eb42d56 -> 
========================================================================
Received Prepare
Begin MonoManager ReloadAssembly
DirectoryNotFoundException: Could not find a part of the path "C:\Users\chris\Desktop\School\Fall23\CompGraphics\CS4361-Doveland-16c6e40ed0ccf8e88dce83cfb5789c9dcf1173e1\Welcome to Doveland\Library\PackageCache\com.unity.visualscripting@1.9.0\Editor\VisualScripting.Core\Dependencies\YamlDotNet\Unity.VisualScripting.YamlDotNet.dll"
  at System.IO.FileStream..ctor (System.String path, System.IO.FileMode mode, System.IO.FileAccess access, System.IO.FileShare share, System.Int32 bufferSize, System.Boolean anonymous, System.IO.FileOptions options) [0x0019e] in <787acc3c9a4c471ba7d971300105af24>:0 
  at System.IO.FileStream..ctor (System.String path, System.IO.FileMode mode, System.IO.FileAccess access, System.IO.FileShare share) [0x00000] in <787acc3c9a4c471ba7d971300105af24>:0 
  at (wrapper remoting-invoke-with-check) System.IO.FileStream..ctor(string,System.IO.FileMode,System.IO.FileAccess,System.IO.FileShare)
  at Mono.Cecil.ModuleDefinition.GetFileStream (System.String fileName, System.IO.FileMode mode, System.IO.FileAccess access, System.IO.FileShare share) [0x00006] in <a6860a9f6366437387ebdc1f225b7fd4>:0 
  at Mono.Cecil.ModuleDefinition.ReadModule (System.String fileName, Mono.Cecil.ReaderParameters parameters) [0x00008] in <a6860a9f6366437387ebdc1f225b7fd4>:0 
  at Mono.Cecil.AssemblyDefinition.ReadAssembly (System.String fileName, Mono.Cecil.ReaderParameters parameters) [0x00000] in <a6860a9f6366437387ebdc1f225b7fd4>:0 
  at UnityEditor.AssemblyValidation.LoadAssemblyDefinitions (System.String[] assemblyPaths, System.String[] searchPaths) [0x00048] in <fe7039efe678478d9c83e73bc6a6566d>:0 
  at UnityEditor.AssemblyValidation.ValidateAssemblies (System.String[] assemblyPaths, System.Boolean enableLogging) [0x00007] in <fe7039efe678478d9c83e73bc6a6566d>:0 

- Loaded All Assemblies, in  0.466 seconds
Refreshing native plugins compatible for Editor in 6.74 ms, found 4 plugins.
Native extension for WindowsStandalone target not found
[Package Manager] Server::EnsureServerProcessIsRunning -- launch failed, reason: Unity was launched with the -noUpm command-line argument
[Package Manager] UpmClient::Send -- Unable to send message (not connected to UPM process).
[Package Manager] Cannot connect to Unity Package Manager local server
[Package Manager] Server::EnsureServerProcessIsRunning -- launch failed, reason: Unity was launched with the -noUpm command-line argument
[Package Manager] UpmClient::Send -- Unable to send message (not connected to UPM process).
[Package Manager] Cannot connect to Unity Package Manager local server
Mono: successfully reloaded assembly
- Finished resetting the current domain, in  1.510 seconds
Domain Reload Profiling: 1971ms
	BeginReloadAssembly (193ms)
		ExecutionOrderSort (0ms)
		DisableScriptedObjects (7ms)
		BackupInstance (0ms)
		ReleaseScriptingObjects (0ms)
		CreateAndSetChildDomain (39ms)
	RebuildCommonClasses (45ms)
	RebuildNativeTypeToScriptingClass (15ms)
	initialDomainReloadingComplete (42ms)
	LoadAllAssembliesAndSetupDomain (165ms)
		LoadAssemblies (251ms)
		RebuildTransferFunctionScriptingTraits (0ms)
		AnalyzeDomain (21ms)
			TypeCache.Refresh (7ms)
				TypeCache.ScanAssembly (0ms)
			ScanForSourceGeneratedMonoScriptInfo (0ms)
			ResolveRequiredComponents (11ms)
	FinalizeReload (1511ms)
		ReleaseScriptCaches (0ms)
		RebuildScriptCaches (0ms)
		SetupLoadedEditorAssemblies (662ms)
			LogAssemblyErrors (0ms)
			InitializePlatformSupportModulesInManaged (9ms)
			SetLoadedEditorAssemblies (8ms)
			RefreshPlugins (0ms)
			BeforeProcessingInitializeOnLoad (109ms)
			ProcessInitializeOnLoadAttributes (494ms)
			ProcessInitializeOnLoadMethodAttributes (26ms)
			AfterProcessingInitializeOnLoad (15ms)
			EditorAssembliesLoaded (0ms)
		ExecutionOrderSort2 (0ms)
		AwakeInstancesAfterBackupRestoration (8ms)
Refreshing native plugins compatible for Editor in 8.22 ms, found 4 plugins.
Preloading 0 native plugins for Editor in 0.00 ms.
Unloading 4102 Unused Serialized files (Serialized files now loaded: 0)
Unloading 44 unused Assets / (0.7 MB). Loaded Objects now: 4869.
Memory consumption went from 186.4 MB to 185.7 MB.
Total: 4.427000 ms (FindLiveObjects: 0.466400 ms CreateObjectMapping: 0.166200 ms MarkObjects: 3.303400 ms  DeleteObjects: 0.489700 ms)

Prepare: number of updated asset objects reloaded= 0
AssetImportParameters requested are different than current active one (requested -> active):
  custom:container-demuxer-ogg: 62fdf1f143b41e24485cea50d1cbac27 -> 
  custom:video-decoder-ogg-theora: a1e56fd34408186e4bbccfd4996cb3dc -> 
  custom:framework-win-MediaFoundation: 216162199b28c13a410421893ffa2e32 -> 
  custom:CustomObjectIndexerAttribute: 756ad292c208cfabdd7b50bc23989ffe -> 
  custom:container-demuxer-webm: 4f35f7cbe854078d1ac9338744f61a02 -> 
  custom:container-muxer-webm: aa71ff27fc2769a1b78a27578f13a17b -> 
  custom:video-decoder-webm-vp8: 9c59270c3fd7afecdb556c50c9e8de78 -> 
  custom:SearchIndexIgnoredProperties: e643bd26f0fe6173181afceb89e7c659 -> 
  custom:AudioImporter_EditorPlatform: d09bf68614088b80899f8185d706f6e7 -> 
  custom:video-encoder-webm-vp8: eb34c28f22e8b96e1ab97ce403110664 -> 
  custom:audio-decoder-ogg-vorbis: bf7c407c2cedff20999df2af8eb42d56 -> 
  custom:audio-encoder-webm-vorbis: bf7c407c2cedff20999df2af8eb42d56 -> 
========================================================================
Received Import Request.
  Time since last request: 214.391890 seconds.
  path: Assets/_TerrainAutoUpgrade/layer_groundground_normal2023054508611406.terrainlayer
  artifactKey: Guid(d42db2d6c47619442953660f9ba8dd76) Importer(815301076,1909f56bfc062723c751e8b465ee728b)
Start importing Assets/_TerrainAutoUpgrade/layer_groundground_normal2023054508611406.terrainlayer using Guid(d42db2d6c47619442953660f9ba8dd76) Importer(815301076,1909f56bfc062723c751e8b465ee728b)  -> (artifact id: 'f6c78d292870589afc8d8c4d0f5436c6') in 0.077714 seconds
Number of updated asset objects reloaded before import = 0
Number of asset objects unloaded after import = 4
========================================================================
Received Import Request.
  Time since last request: 12.313528 seconds.
  path: Assets/HDRP_Oak_Tree/Offer/Ads/ad1.psd
  artifactKey: Guid(33fee76768048ad4abed19d386311b8e) Importer(815301076,1909f56bfc062723c751e8b465ee728b)
Start importing Assets/HDRP_Oak_Tree/Offer/Ads/ad1.psd using Guid(33fee76768048ad4abed19d386311b8e) Importer(815301076,1909f56bfc062723c751e8b465ee728b)  -> (artifact id: 'd2cf4e3301955b605b7553c4d303c6b9') in 0.042068 seconds
Number of updated asset objects reloaded before import = 0
Number of asset objects unloaded after import = 2
========================================================================
Received Import Request.
  Time since last request: 0.001411 seconds.
  path: Assets/Cabin/Models/Materials/Bed_MetallicSmoothness.png
  artifactKey: Guid(98f6b51c81d97404da0e956091ecb080) Importer(815301076,1909f56bfc062723c751e8b465ee728b)
Start importing Assets/Cabin/Models/Materials/Bed_MetallicSmoothness.png using Guid(98f6b51c81d97404da0e956091ecb080) Importer(815301076,1909f56bfc062723c751e8b465ee728b)  -> (artifact id: '62505484771e906afdf67680f3bcd4fc') in 0.033575 seconds
Number of updated asset objects reloaded before import = 0
Number of asset objects unloaded after import = 2
========================================================================
Received Import Request.
  Time since last request: 0.000023 seconds.
  path: Assets/HDRP_Oak_Tree/Offer/Ads/ad3.psd
  artifactKey: Guid(bdd85042d7ae51e4f82013d49db75edd) Importer(815301076,1909f56bfc062723c751e8b465ee728b)
Start importing Assets/HDRP_Oak_Tree/Offer/Ads/ad3.psd using Guid(bdd85042d7ae51e4f82013d49db75edd) Importer(815301076,1909f56bfc062723c751e8b465ee728b)  -> (artifact id: '47cbd7bee42b7443f563e3be55cc3d09') in 0.034488 seconds
Number of updated asset objects reloaded before import = 0
Number of asset objects unloaded after import = 2
========================================================================
Received Import Request.
  Time since last request: 0.000019 seconds.
  path: Assets/Cabin/Models/Materials/Bed_AlbedoOpacity.png
  artifactKey: Guid(8d4de1886f412c24e893d7e2c1f838b8) Importer(815301076,1909f56bfc062723c751e8b465ee728b)
Start importing Assets/Cabin/Models/Materials/Bed_AlbedoOpacity.png using Guid(8d4de1886f412c24e893d7e2c1f838b8) Importer(815301076,1909f56bfc062723c751e8b465ee728b)  -> (artifact id: 'b0feaea0a846ef98469a45a3fe67de11') in 0.026752 seconds
Number of updated asset objects reloaded before import = 0
Number of asset objects unloaded after import = 2
========================================================================
Received Import Request.
  Time since last request: 0.000016 seconds.
  path: Assets/Cabin/Terrain/Tree/Bark.png
  artifactKey: Guid(6f396d96a20b6464db3dc12070710ee5) Importer(815301076,1909f56bfc062723c751e8b465ee728b)
Start importing Assets/Cabin/Terrain/Tree/Bark.png using Guid(6f396d96a20b6464db3dc12070710ee5) Importer(815301076,1909f56bfc062723c751e8b465ee728b)  -> (artifact id: 'f5b6486f915dc4c9a257552eeef58dac') in 0.029129 seconds
Number of updated asset objects reloaded before import = 0
Number of asset objects unloaded after import = 2
========================================================================
Received Import Request.
  Time since last request: 0.000021 seconds.
  path: Assets/Cabin/Models/Materials/Candle_Normal.png
  artifactKey: Guid(2f1e5df479e1a77419f93459dbc9d589) Importer(815301076,1909f56bfc062723c751e8b465ee728b)
Start importing Assets/Cabin/Models/Materials/Candle_Normal.png using Guid(2f1e5df479e1a77419f93459dbc9d589) Importer(815301076,1909f56bfc062723c751e8b465ee728b)  -> (artifact id: 'bb5a4ccf0bc5b01c7338e238b7136aba') in 0.037769 seconds
Number of updated asset objects reloaded before import = 0
Number of asset objects unloaded after import = 2
========================================================================
Received Import Request.
  Time since last request: 0.000028 seconds.
  path: Assets/Cabin/Models/Materials/Cabin_Normal.png
  artifactKey: Guid(5ccbabbd73b619b4499f29099026cd1f) Importer(815301076,1909f56bfc062723c751e8b465ee728b)
Start importing Assets/Cabin/Models/Materials/Cabin_Normal.png using Guid(5ccbabbd73b619b4499f29099026cd1f) Importer(815301076,1909f56bfc062723c751e8b465ee728b)  -> (artifact id: 'a2bf99c8612b380766f980c32757a382') in 0.080560 seconds
Number of updated asset objects reloaded before import = 0
Number of asset objects unloaded after import = 2
========================================================================
Received Import Request.
  Time since last request: 0.000031 seconds.
  path: Assets/Tree 2_Textures/diffuse.png
  artifactKey: Guid(0a3f73283ec1a5f44a86b6198b4886c1) Importer(815301076,1909f56bfc062723c751e8b465ee728b)
Start importing Assets/Tree 2_Textures/diffuse.png using Guid(0a3f73283ec1a5f44a86b6198b4886c1) Importer(815301076,1909f56bfc062723c751e8b465ee728b)  -> (artifact id: '98bd89c652ec8160ed7ad1e60e8623cd') in 0.031130 seconds
Number of updated asset objects reloaded before import = 0
Number of asset objects unloaded after import = 2
========================================================================
Received Import Request.
  Time since last request: 0.000024 seconds.
  path: Assets/Cabin/Terrain/Sky by Heiko Irrgang/DarkStormyUp2048.png
  artifactKey: Guid(194bc5ef74c690e4ebb467dd0583a82f) Importer(815301076,1909f56bfc062723c751e8b465ee728b)
Start importing Assets/Cabin/Terrain/Sky by Heiko Irrgang/DarkStormyUp2048.png using Guid(194bc5ef74c690e4ebb467dd0583a82f) Importer(815301076,1909f56bfc062723c751e8b465ee728b)  -> (artifact id: 'c688cc809e204df639d3a3035300e4ca') in 0.031142 seconds
Number of updated asset objects reloaded before import = 0
Number of asset objects unloaded after import = 2
========================================================================
Received Import Request.
  Time since last request: 0.000018 seconds.
  path: Assets/Cabin/Terrain/Sky by Heiko Irrgang/DarkStormyDown2048.png
  artifactKey: Guid(130e72776d5773248bec9667f0418756) Importer(815301076,1909f56bfc062723c751e8b465ee728b)
Start importing Assets/Cabin/Terrain/Sky by Heiko Irrgang/DarkStormyDown2048.png using Guid(130e72776d5773248bec9667f0418756) Importer(815301076,1909f56bfc062723c751e8b465ee728b)  -> (artifact id: 'f8995f40375ff3dfba072d201ed2104c') in 0.030165 seconds
Number of updated asset objects reloaded before import = 0
Number of asset objects unloaded after import = 2
========================================================================
Received Import Request.
  Time since last request: 0.000023 seconds.
  path: Assets/Cabin/Terrain/Tree/Tree_Textures/diffuse.png
  artifactKey: Guid(dfa6422c9266ec941bd6aa2aadad985a) Importer(815301076,1909f56bfc062723c751e8b465ee728b)
Start importing Assets/Cabin/Terrain/Tree/Tree_Textures/diffuse.png using Guid(dfa6422c9266ec941bd6aa2aadad985a) Importer(815301076,1909f56bfc062723c751e8b465ee728b)  -> (artifact id: '4ed0a508a4349969322b88429e0e75bc') in 0.031167 seconds
Number of updated asset objects reloaded before import = 0
Number of asset objects unloaded after import = 2
========================================================================
Received Import Request.
  Time since last request: 0.000026 seconds.
  path: Assets/Cabin/Models/Materials/Candle_AlbedoSmoothness.png
  artifactKey: Guid(162807d47d0ed764d9951139577f8d6c) Importer(815301076,1909f56bfc062723c751e8b465ee728b)
Start importing Assets/Cabin/Models/Materials/Candle_AlbedoSmoothness.png using Guid(162807d47d0ed764d9951139577f8d6c) Importer(815301076,1909f56bfc062723c751e8b465ee728b)  -> (artifact id: '7f5541b5fd1315d1384fd4b0b69d9b48') in 0.039058 seconds
Number of updated asset objects reloaded before import = 0
Number of asset objects unloaded after import = 2
========================================================================
Received Import Request.
  Time since last request: 0.000026 seconds.
  path: Assets/Cabin/Terrain/Sky by Heiko Irrgang/DarkStormyFront2048.png
  artifactKey: Guid(f78a70105ee071a48a3dc5cc668e61ed) Importer(815301076,1909f56bfc062723c751e8b465ee728b)
Start importing Assets/Cabin/Terrain/Sky by Heiko Irrgang/DarkStormyFront2048.png using Guid(f78a70105ee071a48a3dc5cc668e61ed) Importer(815301076,1909f56bfc062723c751e8b465ee728b)  -> (artifact id: 'cf25abb233cacd5ff5d2708125a107ca') in 0.034433 seconds
Number of updated asset objects reloaded before import = 0
Number of asset objects unloaded after import = 2
========================================================================
Received Import Request.
  Time since last request: 3.490909 seconds.
  path: Assets/Tree 1_Textures/diffuse.png
  artifactKey: Guid(cafdafc395394d84aa2afd3599a112a7) Importer(815301076,1909f56bfc062723c751e8b465ee728b)
Start importing Assets/Tree 1_Textures/diffuse.png using Guid(cafdafc395394d84aa2afd3599a112a7) Importer(815301076,1909f56bfc062723c751e8b465ee728b)  -> (artifact id: 'b14456b0300e19a062199b8a7fe91751') in 0.015505 seconds
Number of updated asset objects reloaded before import = 0
Number of asset objects unloaded after import = 2
========================================================================
Received Import Request.
  Time since last request: 0.000781 seconds.
  path: Assets/Cabin/Models/Materials/Door_AlbedoSmoothness.png
  artifactKey: Guid(501b1c7f29c1ea34886bee406bd601fe) Importer(815301076,1909f56bfc062723c751e8b465ee728b)
Start importing Assets/Cabin/Models/Materials/Door_AlbedoSmoothness.png using Guid(501b1c7f29c1ea34886bee406bd601fe) Importer(815301076,1909f56bfc062723c751e8b465ee728b)  -> (artifact id: 'f348770650743592d15728204a65936c') in 0.028797 seconds
Number of updated asset objects reloaded before import = 0
Number of asset objects unloaded after import = 2
========================================================================
Received Import Request.
  Time since last request: 0.000021 seconds.
  path: Assets/Cabin/Models/Materials/Door_Normal.png
  artifactKey: Guid(74d679928a4766247992bdb728259798) Importer(815301076,1909f56bfc062723c751e8b465ee728b)
Start importing Assets/Cabin/Models/Materials/Door_Normal.png using Guid(74d679928a4766247992bdb728259798) Importer(815301076,1909f56bfc062723c751e8b465ee728b)  -> (artifact id: 'f489bfba36c89e5b4354d379c2276f26') in 0.031319 seconds
Number of updated asset objects reloaded before import = 0
Number of asset objects unloaded after import = 2
========================================================================
Received Import Request.
  Time since last request: 2.537321 seconds.
  path: Assets/Cabin/Terrain/Textures by textures.com/Grass.psd
  artifactKey: Guid(7113aa61b8d2825488301237a3e0cb9e) Importer(815301076,1909f56bfc062723c751e8b465ee728b)
Start importing Assets/Cabin/Terrain/Textures by textures.com/Grass.psd using Guid(7113aa61b8d2825488301237a3e0cb9e) Importer(815301076,1909f56bfc062723c751e8b465ee728b)  -> (artifact id: 'ab24ca48f34a192dd939b93a9ab4bd10') in 0.024921 seconds
Number of updated asset objects reloaded before import = 0
Number of asset objects unloaded after import = 2
========================================================================
Received Import Request.
  Time since last request: 8.716827 seconds.
  path: Assets/Cabin/Models/Materials/Lantern_AlbedoOpacity.png
  artifactKey: Guid(340c4e2c72f27fd47a8df61b6773ecd7) Importer(815301076,1909f56bfc062723c751e8b465ee728b)
Start importing Assets/Cabin/Models/Materials/Lantern_AlbedoOpacity.png using Guid(340c4e2c72f27fd47a8df61b6773ecd7) Importer(815301076,1909f56bfc062723c751e8b465ee728b)  -> (artifact id: '43f4ccffbc90dabf2c028318973a9cd9') in 0.031723 seconds
Number of updated asset objects reloaded before import = 0
Number of asset objects unloaded after import = 2
========================================================================
Received Import Request.
  Time since last request: 0.007624 seconds.
  path: Assets/Flashlight/Misc/Flashlight.fbm/LP_FlashLight_AL.png
  artifactKey: Guid(31f1ed4e6c45f3840951d53e5ae4b462) Importer(815301076,1909f56bfc062723c751e8b465ee728b)
Start importing Assets/Flashlight/Misc/Flashlight.fbm/LP_FlashLight_AL.png using Guid(31f1ed4e6c45f3840951d53e5ae4b462) Importer(815301076,1909f56bfc062723c751e8b465ee728b)  -> (artifact id: '630c58d060d953bd54ad69795226bef1') in 0.037675 seconds
Number of updated asset objects reloaded before import = 0
Number of asset objects unloaded after import = 2
========================================================================
Received Import Request.
  Time since last request: 0.000027 seconds.
  path: Assets/Flashlight/Misc/Flashlight.fbm/LP_FlashLight_RFMorSP2.png
  artifactKey: Guid(7124906f2cb570442b990cfe6a5c1cb7) Importer(815301076,1909f56bfc062723c751e8b465ee728b)
Start importing Assets/Flashlight/Misc/Flashlight.fbm/LP_FlashLight_RFMorSP2.png using Guid(7124906f2cb570442b990cfe6a5c1cb7) Importer(815301076,1909f56bfc062723c751e8b465ee728b)  -> (artifact id: 'fa84b9a194c4d4d5b21c5237a695885d') in 0.034479 seconds
Number of updated asset objects reloaded before import = 0
Number of asset objects unloaded after import = 2
========================================================================
Received Import Request.
  Time since last request: 0.277940 seconds.
  path: Assets/Cabin/Terrain/Tree/Tree_Textures/normal_specular.png
  artifactKey: Guid(460c9034fdafe3f48be15a37b4f21a17) Importer(815301076,1909f56bfc062723c751e8b465ee728b)
Start importing Assets/Cabin/Terrain/Tree/Tree_Textures/normal_specular.png using Guid(460c9034fdafe3f48be15a37b4f21a17) Importer(815301076,1909f56bfc062723c751e8b465ee728b)  -> (artifact id: 'f06c45714affaed2341215ff43906ef0') in 0.025980 seconds
Number of updated asset objects reloaded before import = 0
Number of asset objects unloaded after import = 2
========================================================================
Received Import Request.
  Time since last request: 5.406442 seconds.
  path: Assets/Tree 2_Textures/normal_specular.png
  artifactKey: Guid(87cf54af6e0bd4540980efd9af7817f7) Importer(815301076,1909f56bfc062723c751e8b465ee728b)
Start importing Assets/Tree 2_Textures/normal_specular.png using Guid(87cf54af6e0bd4540980efd9af7817f7) Importer(815301076,1909f56bfc062723c751e8b465ee728b)  -> (artifact id: '812e762084896322168f44962990c3c8') in 0.027953 seconds
Number of updated asset objects reloaded before import = 0
Number of asset objects unloaded after import = 2
========================================================================
Received Import Request.
  Time since last request: 0.000022 seconds.
  path: Assets/Cabin/Demo/ReflectionProbe-0.exr
  artifactKey: Guid(293892a23412b3341afade53ff545198) Importer(815301076,1909f56bfc062723c751e8b465ee728b)
Start importing Assets/Cabin/Demo/ReflectionProbe-0.exr using Guid(293892a23412b3341afade53ff545198) Importer(815301076,1909f56bfc062723c751e8b465ee728b)  -> (artifact id: '35251891436181f684c914d68f30d3f1') in 0.054117 seconds
Number of updated asset objects reloaded before import = 0
Number of asset objects unloaded after import = 1
========================================================================
Received Import Request.
  Time since last request: 0.035984 seconds.
  path: Assets/Tree 2_Textures/shadow.png
  artifactKey: Guid(dbf6739c20bf2b749a4f1eb489eb1360) Importer(815301076,1909f56bfc062723c751e8b465ee728b)
Start importing Assets/Tree 2_Textures/shadow.png using Guid(dbf6739c20bf2b749a4f1eb489eb1360) Importer(815301076,1909f56bfc062723c751e8b465ee728b)  -> (artifact id: 'c0e63dbec039aaa56fa970f42707fecc') in 0.024939 seconds
Number of updated asset objects reloaded before import = 0
Number of asset objects unloaded after import = 2
========================================================================
Received Import Request.
  Time since last request: 0.583556 seconds.
  path: Assets/New Terrain 1.asset
  artifactKey: Guid(8d452d9089086c34ca5deb8d6daefddd) Importer(815301076,1909f56bfc062723c751e8b465ee728b)
Start importing Assets/New Terrain 1.asset using Guid(8d452d9089086c34ca5deb8d6daefddd) Importer(815301076,1909f56bfc062723c751e8b465ee728b)  -> (artifact id: 'fdfb5997fc69f8acd9c8e15936778ff7') in 0.094977 seconds
Number of updated asset objects reloaded before import = 0
Number of asset objects unloaded after import = 27
========================================================================
Received Import Request.
  Time since last request: 0.000019 seconds.
  path: Assets/Cabin/Terrain/Tree/Tree_Textures/translucency_gloss.png
  artifactKey: Guid(a5d0afffc5b513a47b6e9c5252224e8d) Importer(815301076,1909f56bfc062723c751e8b465ee728b)
Start importing Assets/Cabin/Terrain/Tree/Tree_Textures/translucency_gloss.png using Guid(a5d0afffc5b513a47b6e9c5252224e8d) Importer(815301076,1909f56bfc062723c751e8b465ee728b)  -> (artifact id: '77126411a06faf60e5dde1e5dceaa016') in 0.034825 seconds
Number of updated asset objects reloaded before import = 0
Number of asset objects unloaded after import = 2
========================================================================
Received Import Request.
  Time since last request: 6.584478 seconds.
  path: Assets/Cabin/Prefabs/NewBrush.brush
  artifactKey: Guid(ee37c3ad02cfd5b498e7d6c76bb51d3f) Importer(815301076,1909f56bfc062723c751e8b465ee728b)
Start importing Assets/Cabin/Prefabs/NewBrush.brush using Guid(ee37c3ad02cfd5b498e7d6c76bb51d3f) Importer(815301076,1909f56bfc062723c751e8b465ee728b)  -> (artifact id: 'a3699f788fcdce3525b187e77052e447') in 0.025496 seconds
Number of updated asset objects reloaded before import = 0
Number of asset objects unloaded after import = 2
========================================================================
Received Prepare
Begin MonoManager ReloadAssembly
DirectoryNotFoundException: Could not find a part of the path "C:\Users\chris\Desktop\School\Fall23\CompGraphics\CS4361-Doveland-16c6e40ed0ccf8e88dce83cfb5789c9dcf1173e1\Welcome to Doveland\Library\PackageCache\com.unity.visualscripting@1.9.0\Editor\VisualScripting.Core\Dependencies\YamlDotNet\Unity.VisualScripting.YamlDotNet.dll"
  at System.IO.FileStream..ctor (System.String path, System.IO.FileMode mode, System.IO.FileAccess access, System.IO.FileShare share, System.Int32 bufferSize, System.Boolean anonymous, System.IO.FileOptions options) [0x0019e] in <787acc3c9a4c471ba7d971300105af24>:0 
  at System.IO.FileStream..ctor (System.String path, System.IO.FileMode mode, System.IO.FileAccess access, System.IO.FileShare share) [0x00000] in <787acc3c9a4c471ba7d971300105af24>:0 
  at (wrapper remoting-invoke-with-check) System.IO.FileStream..ctor(string,System.IO.FileMode,System.IO.FileAccess,System.IO.FileShare)
  at Mono.Cecil.ModuleDefinition.GetFileStream (System.String fileName, System.IO.FileMode mode, System.IO.FileAccess access, System.IO.FileShare share) [0x00006] in <a6860a9f6366437387ebdc1f225b7fd4>:0 
  at Mono.Cecil.ModuleDefinition.ReadModule (System.String fileName, Mono.Cecil.ReaderParameters parameters) [0x00008] in <a6860a9f6366437387ebdc1f225b7fd4>:0 
  at Mono.Cecil.AssemblyDefinition.ReadAssembly (System.String fileName, Mono.Cecil.ReaderParameters parameters) [0x00000] in <a6860a9f6366437387ebdc1f225b7fd4>:0 
  at UnityEditor.AssemblyValidation.LoadAssemblyDefinitions (System.String[] assemblyPaths, System.String[] searchPaths) [0x00048] in <fe7039efe678478d9c83e73bc6a6566d>:0 
  at UnityEditor.AssemblyValidation.ValidateAssemblies (System.String[] assemblyPaths, System.Boolean enableLogging) [0x00007] in <fe7039efe678478d9c83e73bc6a6566d>:0 

- Loaded All Assemblies, in  0.509 seconds
Refreshing native plugins compatible for Editor in 6.94 ms, found 4 plugins.
Native extension for WindowsStandalone target not found
[MODES] ModeService[none].Initialize
[MODES] ModeService[none].LoadModes
[MODES] Loading mode Default (0) for mode-current-id-Welcome to Doveland
ExecuteMenuItem failed because there is no menu named 'Window/Asset Store Offers'
UnityEngine.StackTraceUtility:ExtractStackTrace ()
UnityEditor.EditorApplication:ExecuteMenuItem (string)
Startup:.cctor () (at Assets/HDRP_Oak_Tree/Offer/Asset_Store_Offers.cs:84)
System.Runtime.CompilerServices.RuntimeHelpers:RunClassConstructor (System.RuntimeTypeHandle)
UnityEditor.EditorAssemblies:ProcessInitializeOnLoadAttributes (System.Type[])

[Assets/HDRP_Oak_Tree/Offer/Asset_Store_Offers.cs line 84]

[Package Manager] Server::EnsureServerProcessIsRunning -- launch failed, reason: Unity was launched with the -noUpm command-line argument
[Package Manager] UpmClient::Send -- Unable to send message (not connected to UPM process).
[Package Manager] Cannot connect to Unity Package Manager local server
[Package Manager] Server::EnsureServerProcessIsRunning -- launch failed, reason: Unity was launched with the -noUpm command-line argument
[Package Manager] UpmClient::Send -- Unable to send message (not connected to UPM process).
[Package Manager] Cannot connect to Unity Package Manager local server
Mono: successfully reloaded assembly
- Finished resetting the current domain, in  1.683 seconds
Domain Reload Profiling: 2185ms
	BeginReloadAssembly (215ms)
		ExecutionOrderSort (0ms)
		DisableScriptedObjects (6ms)
		BackupInstance (0ms)
		ReleaseScriptingObjects (0ms)
		CreateAndSetChildDomain (50ms)
	RebuildCommonClasses (70ms)
	RebuildNativeTypeToScriptingClass (15ms)
	initialDomainReloadingComplete (43ms)
	LoadAllAssembliesAndSetupDomain (158ms)
		LoadAssemblies (258ms)
		RebuildTransferFunctionScriptingTraits (0ms)
		AnalyzeDomain (18ms)
			TypeCache.Refresh (8ms)
				TypeCache.ScanAssembly (0ms)
			ScanForSourceGeneratedMonoScriptInfo (0ms)
			ResolveRequiredComponents (9ms)
	FinalizeReload (1684ms)
		ReleaseScriptCaches (0ms)
		RebuildScriptCaches (0ms)
		SetupLoadedEditorAssemblies (725ms)
			LogAssemblyErrors (0ms)
			InitializePlatformSupportModulesInManaged (11ms)
			SetLoadedEditorAssemblies (8ms)
			RefreshPlugins (0ms)
			BeforeProcessingInitializeOnLoad (115ms)
			ProcessInitializeOnLoadAttributes (548ms)
			ProcessInitializeOnLoadMethodAttributes (25ms)
			AfterProcessingInitializeOnLoad (16ms)
			EditorAssembliesLoaded (0ms)
		ExecutionOrderSort2 (0ms)
		AwakeInstancesAfterBackupRestoration (8ms)
Refreshing native plugins compatible for Editor in 9.85 ms, found 4 plugins.
Preloading 0 native plugins for Editor in 0.00 ms.
Unloading 4101 Unused Serialized files (Serialized files now loaded: 0)
Unloading 44 unused Assets / (0.8 MB). Loaded Objects now: 4897.
Memory consumption went from 186.4 MB to 185.6 MB.
Total: 4.622500 ms (FindLiveObjects: 0.525700 ms CreateObjectMapping: 0.162000 ms MarkObjects: 3.566900 ms  DeleteObjects: 0.366000 ms)

Prepare: number of updated asset objects reloaded= 0
AssetImportParameters requested are different than current active one (requested -> active):
  custom:container-demuxer-ogg: 62fdf1f143b41e24485cea50d1cbac27 -> 
  custom:video-decoder-ogg-theora: a1e56fd34408186e4bbccfd4996cb3dc -> 
  custom:framework-win-MediaFoundation: 216162199b28c13a410421893ffa2e32 -> 
  custom:CustomObjectIndexerAttribute: 756ad292c208cfabdd7b50bc23989ffe -> 
  custom:container-demuxer-webm: 4f35f7cbe854078d1ac9338744f61a02 -> 
  custom:container-muxer-webm: aa71ff27fc2769a1b78a27578f13a17b -> 
  custom:video-decoder-webm-vp8: 9c59270c3fd7afecdb556c50c9e8de78 -> 
  custom:SearchIndexIgnoredProperties: e643bd26f0fe6173181afceb89e7c659 -> 
  custom:AudioImporter_EditorPlatform: d09bf68614088b80899f8185d706f6e7 -> 
  custom:video-encoder-webm-vp8: eb34c28f22e8b96e1ab97ce403110664 -> 
  custom:audio-decoder-ogg-vorbis: bf7c407c2cedff20999df2af8eb42d56 -> 
  custom:audio-encoder-webm-vorbis: bf7c407c2cedff20999df2af8eb42d56 -> 
========================================================================
Received Prepare
Begin MonoManager ReloadAssembly
DirectoryNotFoundException: Could not find a part of the path "C:\Users\chris\Desktop\School\Fall23\CompGraphics\CS4361-Doveland-16c6e40ed0ccf8e88dce83cfb5789c9dcf1173e1\Welcome to Doveland\Library\PackageCache\com.unity.visualscripting@1.9.0\Editor\VisualScripting.Core\Dependencies\YamlDotNet\Unity.VisualScripting.YamlDotNet.dll"
  at System.IO.FileStream..ctor (System.String path, System.IO.FileMode mode, System.IO.FileAccess access, System.IO.FileShare share, System.Int32 bufferSize, System.Boolean anonymous, System.IO.FileOptions options) [0x0019e] in <787acc3c9a4c471ba7d971300105af24>:0 
  at System.IO.FileStream..ctor (System.String path, System.IO.FileMode mode, System.IO.FileAccess access, System.IO.FileShare share) [0x00000] in <787acc3c9a4c471ba7d971300105af24>:0 
  at (wrapper remoting-invoke-with-check) System.IO.FileStream..ctor(string,System.IO.FileMode,System.IO.FileAccess,System.IO.FileShare)
  at Mono.Cecil.ModuleDefinition.GetFileStream (System.String fileName, System.IO.FileMode mode, System.IO.FileAccess access, System.IO.FileShare share) [0x00006] in <a6860a9f6366437387ebdc1f225b7fd4>:0 
  at Mono.Cecil.ModuleDefinition.ReadModule (System.String fileName, Mono.Cecil.ReaderParameters parameters) [0x00008] in <a6860a9f6366437387ebdc1f225b7fd4>:0 
  at Mono.Cecil.AssemblyDefinition.ReadAssembly (System.String fileName, Mono.Cecil.ReaderParameters parameters) [0x00000] in <a6860a9f6366437387ebdc1f225b7fd4>:0 
  at UnityEditor.AssemblyValidation.LoadAssemblyDefinitions (System.String[] assemblyPaths, System.String[] searchPaths) [0x00048] in <fe7039efe678478d9c83e73bc6a6566d>:0 
  at UnityEditor.AssemblyValidation.ValidateAssemblies (System.String[] assemblyPaths, System.Boolean enableLogging) [0x00007] in <fe7039efe678478d9c83e73bc6a6566d>:0 

- Loaded All Assemblies, in  0.466 seconds
Refreshing native plugins compatible for Editor in 6.10 ms, found 4 plugins.
Native extension for WindowsStandalone target not found
[Package Manager] Server::EnsureServerProcessIsRunning -- launch failed, reason: Unity was launched with the -noUpm command-line argument
[Package Manager] UpmClient::Send -- Unable to send message (not connected to UPM process).
[Package Manager] Cannot connect to Unity Package Manager local server
[Package Manager] Server::EnsureServerProcessIsRunning -- launch failed, reason: Unity was launched with the -noUpm command-line argument
[Package Manager] UpmClient::Send -- Unable to send message (not connected to UPM process).
[Package Manager] Cannot connect to Unity Package Manager local server
Mono: successfully reloaded assembly
- Finished resetting the current domain, in  1.535 seconds
Domain Reload Profiling: 1996ms
	BeginReloadAssembly (184ms)
		ExecutionOrderSort (0ms)
		DisableScriptedObjects (7ms)
		BackupInstance (0ms)
		ReleaseScriptingObjects (0ms)
		CreateAndSetChildDomain (38ms)
	RebuildCommonClasses (65ms)
	RebuildNativeTypeToScriptingClass (17ms)
	initialDomainReloadingComplete (39ms)
	LoadAllAssembliesAndSetupDomain (156ms)
		LoadAssemblies (240ms)
		RebuildTransferFunctionScriptingTraits (0ms)
		AnalyzeDomain (17ms)
			TypeCache.Refresh (6ms)
				TypeCache.ScanAssembly (0ms)
			ScanForSourceGeneratedMonoScriptInfo (0ms)
			ResolveRequiredComponents (9ms)
	FinalizeReload (1535ms)
		ReleaseScriptCaches (0ms)
		RebuildScriptCaches (0ms)
		SetupLoadedEditorAssemblies (674ms)
			LogAssemblyErrors (0ms)
			InitializePlatformSupportModulesInManaged (9ms)
			SetLoadedEditorAssemblies (8ms)
			RefreshPlugins (0ms)
			BeforeProcessingInitializeOnLoad (109ms)
			ProcessInitializeOnLoadAttributes (506ms)
			ProcessInitializeOnLoadMethodAttributes (28ms)
			AfterProcessingInitializeOnLoad (13ms)
			EditorAssembliesLoaded (0ms)
		ExecutionOrderSort2 (0ms)
		AwakeInstancesAfterBackupRestoration (8ms)
Refreshing native plugins compatible for Editor in 8.14 ms, found 4 plugins.
Preloading 0 native plugins for Editor in 0.00 ms.
Unloading 4102 Unused Serialized files (Serialized files now loaded: 0)
Unloading 44 unused Assets / (0.7 MB). Loaded Objects now: 4912.
Memory consumption went from 186.6 MB to 185.9 MB.
Total: 4.855800 ms (FindLiveObjects: 0.488200 ms CreateObjectMapping: 0.163200 ms MarkObjects: 3.792500 ms  DeleteObjects: 0.410500 ms)

Prepare: number of updated asset objects reloaded= 0
AssetImportParameters requested are different than current active one (requested -> active):
  custom:container-demuxer-ogg: 62fdf1f143b41e24485cea50d1cbac27 -> 
  custom:video-decoder-ogg-theora: a1e56fd34408186e4bbccfd4996cb3dc -> 
  custom:framework-win-MediaFoundation: 216162199b28c13a410421893ffa2e32 -> 
  custom:CustomObjectIndexerAttribute: 756ad292c208cfabdd7b50bc23989ffe -> 
  custom:container-demuxer-webm: 4f35f7cbe854078d1ac9338744f61a02 -> 
  custom:container-muxer-webm: aa71ff27fc2769a1b78a27578f13a17b -> 
  custom:video-decoder-webm-vp8: 9c59270c3fd7afecdb556c50c9e8de78 -> 
  custom:SearchIndexIgnoredProperties: e643bd26f0fe6173181afceb89e7c659 -> 
  custom:AudioImporter_EditorPlatform: d09bf68614088b80899f8185d706f6e7 -> 
  custom:video-encoder-webm-vp8: eb34c28f22e8b96e1ab97ce403110664 -> 
  custom:audio-decoder-ogg-vorbis: bf7c407c2cedff20999df2af8eb42d56 -> 
  custom:audio-encoder-webm-vorbis: bf7c407c2cedff20999df2af8eb42d56 -> 
========================================================================
Received Import Request.
  Time since last request: 848.115337 seconds.
  path: Assets/Cabin/Terrain/Tree/Tree.prefab
  artifactKey: Guid(b7b499788a65fa94d8f44a273def80b2) Importer(815301076,1909f56bfc062723c751e8b465ee728b)
Start importing Assets/Cabin/Terrain/Tree/Tree.prefab using Guid(b7b499788a65fa94d8f44a273def80b2) Importer(815301076,1909f56bfc062723c751e8b465ee728b)  -> (artifact id: '1411a8af9cc000d0161510a185969ae5') in 0.290950 seconds
Number of updated asset objects reloaded before import = 0
Number of asset objects unloaded after import = 20
========================================================================
Received Import Request.
  Time since last request: 0.000022 seconds.
  path: Assets/Cabin/Models/Materials/Stool.mat
  artifactKey: Guid(331b161046fd85449a115ee77ef07c9e) Importer(815301076,1909f56bfc062723c751e8b465ee728b)
Start importing Assets/Cabin/Models/Materials/Stool.mat using Guid(331b161046fd85449a115ee77ef07c9e) Importer(815301076,1909f56bfc062723c751e8b465ee728b)  -> (artifact id: '934a15dc75f270047d8717f6f6411801') in 0.131191 seconds
Number of updated asset objects reloaded before import = 0
Number of asset objects unloaded after import = 3
========================================================================
Received Import Request.
  Time since last request: 0.430690 seconds.
  path: Assets/Cabin/Models/Materials/Lantern.mat
  artifactKey: Guid(bb7e3e67d3c69fb49bd9b287cee87691) Importer(815301076,1909f56bfc062723c751e8b465ee728b)
Start importing Assets/Cabin/Models/Materials/Lantern.mat using Guid(bb7e3e67d3c69fb49bd9b287cee87691) Importer(815301076,1909f56bfc062723c751e8b465ee728b)  -> (artifact id: 'dfc20b1a08c0036630014d0ced4ff38d') in 0.269165 seconds
Number of updated asset objects reloaded before import = 0
Number of asset objects unloaded after import = 4
========================================================================
Received Import Request.
  Time since last request: 0.227562 seconds.
  path: Assets/Cabin/Models/Materials/Door.mat
  artifactKey: Guid(2ef3b89bd5001e5449fdbc157f65381e) Importer(815301076,1909f56bfc062723c751e8b465ee728b)
Start importing Assets/Cabin/Models/Materials/Door.mat using Guid(2ef3b89bd5001e5449fdbc157f65381e) Importer(815301076,1909f56bfc062723c751e8b465ee728b)  -> (artifact id: '01d3c307ea81aad779dc474e56090131') in 0.027452 seconds
Number of updated asset objects reloaded before import = 0
Number of asset objects unloaded after import = 4
========================================================================
Received Import Request.
  Time since last request: 0.000020 seconds.
  path: Assets/Cabin/Models/Materials/Bed.mat
  artifactKey: Guid(4a209352e3fc1474ebdc91a35303885d) Importer(815301076,1909f56bfc062723c751e8b465ee728b)
Start importing Assets/Cabin/Models/Materials/Bed.mat using Guid(4a209352e3fc1474ebdc91a35303885d) Importer(815301076,1909f56bfc062723c751e8b465ee728b)  -> (artifact id: '5b7a7ed37ac8189559ff353c2aecce0c') in 0.115402 seconds
Number of updated asset objects reloaded before import = 0
Number of asset objects unloaded after import = 4
========================================================================
Received Import Request.
  Time since last request: 0.000032 seconds.
  path: Assets/Cabin/Models/Materials/Cabinet.mat
  artifactKey: Guid(29edc7918023ff74da6a9eb7b4be8c7a) Importer(815301076,1909f56bfc062723c751e8b465ee728b)
Start importing Assets/Cabin/Models/Materials/Cabinet.mat using Guid(29edc7918023ff74da6a9eb7b4be8c7a) Importer(815301076,1909f56bfc062723c751e8b465ee728b)  -> (artifact id: '5bf65028c942797e80dac8d05e807a24') in 0.023976 seconds
Number of updated asset objects reloaded before import = 0
Number of asset objects unloaded after import = 3
========================================================================
Received Prepare
Begin MonoManager ReloadAssembly
DirectoryNotFoundException: Could not find a part of the path "C:\Users\chris\Desktop\School\Fall23\CompGraphics\CS4361-Doveland-16c6e40ed0ccf8e88dce83cfb5789c9dcf1173e1\Welcome to Doveland\Library\PackageCache\com.unity.visualscripting@1.9.0\Editor\VisualScripting.Core\Dependencies\YamlDotNet\Unity.VisualScripting.YamlDotNet.dll"
  at System.IO.FileStream..ctor (System.String path, System.IO.FileMode mode, System.IO.FileAccess access, System.IO.FileShare share, System.Int32 bufferSize, System.Boolean anonymous, System.IO.FileOptions options) [0x0019e] in <787acc3c9a4c471ba7d971300105af24>:0 
  at System.IO.FileStream..ctor (System.String path, System.IO.FileMode mode, System.IO.FileAccess access, System.IO.FileShare share) [0x00000] in <787acc3c9a4c471ba7d971300105af24>:0 
  at (wrapper remoting-invoke-with-check) System.IO.FileStream..ctor(string,System.IO.FileMode,System.IO.FileAccess,System.IO.FileShare)
  at Mono.Cecil.ModuleDefinition.GetFileStream (System.String fileName, System.IO.FileMode mode, System.IO.FileAccess access, System.IO.FileShare share) [0x00006] in <a6860a9f6366437387ebdc1f225b7fd4>:0 
  at Mono.Cecil.ModuleDefinition.ReadModule (System.String fileName, Mono.Cecil.ReaderParameters parameters) [0x00008] in <a6860a9f6366437387ebdc1f225b7fd4>:0 
  at Mono.Cecil.AssemblyDefinition.ReadAssembly (System.String fileName, Mono.Cecil.ReaderParameters parameters) [0x00000] in <a6860a9f6366437387ebdc1f225b7fd4>:0 
  at UnityEditor.AssemblyValidation.LoadAssemblyDefinitions (System.String[] assemblyPaths, System.String[] searchPaths) [0x00048] in <fe7039efe678478d9c83e73bc6a6566d>:0 
  at UnityEditor.AssemblyValidation.ValidateAssemblies (System.String[] assemblyPaths, System.Boolean enableLogging) [0x00007] in <fe7039efe678478d9c83e73bc6a6566d>:0 

- Loaded All Assemblies, in  0.450 seconds
Refreshing native plugins compatible for Editor in 7.49 ms, found 4 plugins.
Native extension for WindowsStandalone target not found
[Package Manager] Server::EnsureServerProcessIsRunning -- launch failed, reason: Unity was launched with the -noUpm command-line argument
[Package Manager] UpmClient::Send -- Unable to send message (not connected to UPM process).
[Package Manager] Cannot connect to Unity Package Manager local server
[Package Manager] Server::EnsureServerProcessIsRunning -- launch failed, reason: Unity was launched with the -noUpm command-line argument
[Package Manager] UpmClient::Send -- Unable to send message (not connected to UPM process).
[Package Manager] Cannot connect to Unity Package Manager local server
Mono: successfully reloaded assembly
- Finished resetting the current domain, in  1.502 seconds
Domain Reload Profiling: 1947ms
	BeginReloadAssembly (189ms)
		ExecutionOrderSort (0ms)
		DisableScriptedObjects (5ms)
		BackupInstance (0ms)
		ReleaseScriptingObjects (0ms)
		CreateAndSetChildDomain (44ms)
	RebuildCommonClasses (62ms)
	RebuildNativeTypeToScriptingClass (14ms)
	initialDomainReloadingComplete (37ms)
	LoadAllAssembliesAndSetupDomain (142ms)
		LoadAssemblies (226ms)
		RebuildTransferFunctionScriptingTraits (0ms)
		AnalyzeDomain (17ms)
			TypeCache.Refresh (7ms)
				TypeCache.ScanAssembly (0ms)
			ScanForSourceGeneratedMonoScriptInfo (0ms)
			ResolveRequiredComponents (9ms)
	FinalizeReload (1503ms)
		ReleaseScriptCaches (0ms)
		RebuildScriptCaches (0ms)
		SetupLoadedEditorAssemblies (653ms)
			LogAssemblyErrors (0ms)
			InitializePlatformSupportModulesInManaged (11ms)
			SetLoadedEditorAssemblies (8ms)
			RefreshPlugins (0ms)
			BeforeProcessingInitializeOnLoad (109ms)
			ProcessInitializeOnLoadAttributes (490ms)
			ProcessInitializeOnLoadMethodAttributes (23ms)
			AfterProcessingInitializeOnLoad (13ms)
			EditorAssembliesLoaded (0ms)
		ExecutionOrderSort2 (0ms)
		AwakeInstancesAfterBackupRestoration (8ms)
Refreshing native plugins compatible for Editor in 8.85 ms, found 4 plugins.
Preloading 0 native plugins for Editor in 0.00 ms.
Unloading 4101 Unused Serialized files (Serialized files now loaded: 0)
Unloading 44 unused Assets / (0.7 MB). Loaded Objects now: 4932.
Memory consumption went from 186.9 MB to 186.1 MB.
Total: 4.331900 ms (FindLiveObjects: 0.477300 ms CreateObjectMapping: 0.148500 ms MarkObjects: 3.357600 ms  DeleteObjects: 0.347100 ms)

Prepare: number of updated asset objects reloaded= 0
AssetImportParameters requested are different than current active one (requested -> active):
  custom:container-demuxer-ogg: 62fdf1f143b41e24485cea50d1cbac27 -> 
  custom:video-decoder-ogg-theora: a1e56fd34408186e4bbccfd4996cb3dc -> 
  custom:framework-win-MediaFoundation: 216162199b28c13a410421893ffa2e32 -> 
  custom:CustomObjectIndexerAttribute: 756ad292c208cfabdd7b50bc23989ffe -> 
  custom:container-demuxer-webm: 4f35f7cbe854078d1ac9338744f61a02 -> 
  custom:container-muxer-webm: aa71ff27fc2769a1b78a27578f13a17b -> 
  custom:video-decoder-webm-vp8: 9c59270c3fd7afecdb556c50c9e8de78 -> 
  custom:SearchIndexIgnoredProperties: e643bd26f0fe6173181afceb89e7c659 -> 
  custom:AudioImporter_EditorPlatform: d09bf68614088b80899f8185d706f6e7 -> 
  custom:video-encoder-webm-vp8: eb34c28f22e8b96e1ab97ce403110664 -> 
  custom:audio-decoder-ogg-vorbis: bf7c407c2cedff20999df2af8eb42d56 -> 
  custom:audio-encoder-webm-vorbis: bf7c407c2cedff20999df2af8eb42d56 -> 
========================================================================
Received Prepare
Begin MonoManager ReloadAssembly
DirectoryNotFoundException: Could not find a part of the path "C:\Users\chris\Desktop\School\Fall23\CompGraphics\CS4361-Doveland-16c6e40ed0ccf8e88dce83cfb5789c9dcf1173e1\Welcome to Doveland\Library\PackageCache\com.unity.visualscripting@1.9.0\Editor\VisualScripting.Core\Dependencies\YamlDotNet\Unity.VisualScripting.YamlDotNet.dll"
  at System.IO.FileStream..ctor (System.String path, System.IO.FileMode mode, System.IO.FileAccess access, System.IO.FileShare share, System.Int32 bufferSize, System.Boolean anonymous, System.IO.FileOptions options) [0x0019e] in <787acc3c9a4c471ba7d971300105af24>:0 
  at System.IO.FileStream..ctor (System.String path, System.IO.FileMode mode, System.IO.FileAccess access, System.IO.FileShare share) [0x00000] in <787acc3c9a4c471ba7d971300105af24>:0 
  at (wrapper remoting-invoke-with-check) System.IO.FileStream..ctor(string,System.IO.FileMode,System.IO.FileAccess,System.IO.FileShare)
  at Mono.Cecil.ModuleDefinition.GetFileStream (System.String fileName, System.IO.FileMode mode, System.IO.FileAccess access, System.IO.FileShare share) [0x00006] in <a6860a9f6366437387ebdc1f225b7fd4>:0 
  at Mono.Cecil.ModuleDefinition.ReadModule (System.String fileName, Mono.Cecil.ReaderParameters parameters) [0x00008] in <a6860a9f6366437387ebdc1f225b7fd4>:0 
  at Mono.Cecil.AssemblyDefinition.ReadAssembly (System.String fileName, Mono.Cecil.ReaderParameters parameters) [0x00000] in <a6860a9f6366437387ebdc1f225b7fd4>:0 
  at UnityEditor.AssemblyValidation.LoadAssemblyDefinitions (System.String[] assemblyPaths, System.String[] searchPaths) [0x00048] in <fe7039efe678478d9c83e73bc6a6566d>:0 
  at UnityEditor.AssemblyValidation.ValidateAssemblies (System.String[] assemblyPaths, System.Boolean enableLogging) [0x00007] in <fe7039efe678478d9c83e73bc6a6566d>:0 

- Loaded All Assemblies, in  0.421 seconds
Refreshing native plugins compatible for Editor in 6.20 ms, found 4 plugins.
Native extension for WindowsStandalone target not found
[Package Manager] Server::EnsureServerProcessIsRunning -- launch failed, reason: Unity was launched with the -noUpm command-line argument
[Package Manager] UpmClient::Send -- Unable to send message (not connected to UPM process).
[Package Manager] Cannot connect to Unity Package Manager local server
[Package Manager] Server::EnsureServerProcessIsRunning -- launch failed, reason: Unity was launched with the -noUpm command-line argument
[Package Manager] UpmClient::Send -- Unable to send message (not connected to UPM process).
[Package Manager] Cannot connect to Unity Package Manager local server
Mono: successfully reloaded assembly
- Finished resetting the current domain, in  1.494 seconds
Domain Reload Profiling: 1909ms
	BeginReloadAssembly (186ms)
		ExecutionOrderSort (0ms)
		DisableScriptedObjects (7ms)
		BackupInstance (0ms)
		ReleaseScriptingObjects (0ms)
		CreateAndSetChildDomain (43ms)
	RebuildCommonClasses (39ms)
	RebuildNativeTypeToScriptingClass (14ms)
	initialDomainReloadingComplete (38ms)
	LoadAllAssembliesAndSetupDomain (138ms)
		LoadAssemblies (216ms)
		RebuildTransferFunctionScriptingTraits (0ms)
		AnalyzeDomain (17ms)
			TypeCache.Refresh (7ms)
				TypeCache.ScanAssembly (0ms)
			ScanForSourceGeneratedMonoScriptInfo (0ms)
			ResolveRequiredComponents (8ms)
	FinalizeReload (1495ms)
		ReleaseScriptCaches (0ms)
		RebuildScriptCaches (0ms)
		SetupLoadedEditorAssemblies (642ms)
			LogAssemblyErrors (0ms)
			InitializePlatformSupportModulesInManaged (10ms)
			SetLoadedEditorAssemblies (8ms)
			RefreshPlugins (0ms)
			BeforeProcessingInitializeOnLoad (108ms)
			ProcessInitializeOnLoadAttributes (476ms)
			ProcessInitializeOnLoadMethodAttributes (27ms)
			AfterProcessingInitializeOnLoad (12ms)
			EditorAssembliesLoaded (0ms)
		ExecutionOrderSort2 (0ms)
		AwakeInstancesAfterBackupRestoration (8ms)
Refreshing native plugins compatible for Editor in 6.70 ms, found 4 plugins.
Preloading 0 native plugins for Editor in 0.00 ms.
Unloading 4102 Unused Serialized files (Serialized files now loaded: 0)
Unloading 44 unused Assets / (0.7 MB). Loaded Objects now: 4947.
Memory consumption went from 187.2 MB to 186.5 MB.
Total: 4.132200 ms (FindLiveObjects: 0.492500 ms CreateObjectMapping: 0.164700 ms MarkObjects: 3.135300 ms  DeleteObjects: 0.338600 ms)

Prepare: number of updated asset objects reloaded= 0
AssetImportParameters requested are different than current active one (requested -> active):
  custom:container-demuxer-ogg: 62fdf1f143b41e24485cea50d1cbac27 -> 
  custom:video-decoder-ogg-theora: a1e56fd34408186e4bbccfd4996cb3dc -> 
  custom:framework-win-MediaFoundation: 216162199b28c13a410421893ffa2e32 -> 
  custom:CustomObjectIndexerAttribute: 756ad292c208cfabdd7b50bc23989ffe -> 
  custom:container-demuxer-webm: 4f35f7cbe854078d1ac9338744f61a02 -> 
  custom:container-muxer-webm: aa71ff27fc2769a1b78a27578f13a17b -> 
  custom:video-decoder-webm-vp8: 9c59270c3fd7afecdb556c50c9e8de78 -> 
  custom:SearchIndexIgnoredProperties: e643bd26f0fe6173181afceb89e7c659 -> 
  custom:AudioImporter_EditorPlatform: d09bf68614088b80899f8185d706f6e7 -> 
  custom:video-encoder-webm-vp8: eb34c28f22e8b96e1ab97ce403110664 -> 
  custom:audio-decoder-ogg-vorbis: bf7c407c2cedff20999df2af8eb42d56 -> 
  custom:audio-encoder-webm-vorbis: bf7c407c2cedff20999df2af8eb42d56 -> 
========================================================================
Received Import Request.
  Time since last request: 1318.586886 seconds.
  path: Assets/Road Blocker/RoadBlocker1.fbx
  artifactKey: Guid(840f418fc59916d4c853194dad6db8ae) Importer(815301076,1909f56bfc062723c751e8b465ee728b)
Start importing Assets/Road Blocker/RoadBlocker1.fbx using Guid(840f418fc59916d4c853194dad6db8ae) Importer(815301076,1909f56bfc062723c751e8b465ee728b)  -> (artifact id: 'bee9e3616b70c537ef23bf35325b99e4') in 0.131345 seconds
Number of updated asset objects reloaded before import = 0
Number of asset objects unloaded after import = 11
========================================================================
Received Import Request.
  Time since last request: 0.000024 seconds.
  path: Assets/Road Blocker/RoadBlocker2.fbx
  artifactKey: Guid(f2291f59a57ca054e9248a5721e0594b) Importer(815301076,1909f56bfc062723c751e8b465ee728b)
Start importing Assets/Road Blocker/RoadBlocker2.fbx using Guid(f2291f59a57ca054e9248a5721e0594b) Importer(815301076,1909f56bfc062723c751e8b465ee728b)  -> (artifact id: '48899ea37963e1ef4fb7a67b8f19f708') in 0.029350 seconds
Number of updated asset objects reloaded before import = 0
Number of asset objects unloaded after import = 11
========================================================================
Received Import Request.
  Time since last request: 0.000028 seconds.
  path: Assets/Road Blocker/RoadBlocker1_D.tga
  artifactKey: Guid(57f6f40c3961fad4f9b71d7c0afff0d2) Importer(815301076,1909f56bfc062723c751e8b465ee728b)
Start importing Assets/Road Blocker/RoadBlocker1_D.tga using Guid(57f6f40c3961fad4f9b71d7c0afff0d2) Importer(815301076,1909f56bfc062723c751e8b465ee728b)  -> (artifact id: 'a4663d2f178613526324a00ce6c19e1a') in 0.036017 seconds
Number of updated asset objects reloaded before import = 0
Number of asset objects unloaded after import = 2
========================================================================
Received Import Request.
  Time since last request: 0.000027 seconds.
  path: Assets/Road Blocker/RoadBlocker2_N.tga
  artifactKey: Guid(a80e329fb3e8aa94b895e82c3bc04b6e) Importer(815301076,1909f56bfc062723c751e8b465ee728b)
Start importing Assets/Road Blocker/RoadBlocker2_N.tga using Guid(a80e329fb3e8aa94b895e82c3bc04b6e) Importer(815301076,1909f56bfc062723c751e8b465ee728b)  -> (artifact id: '3b75e2547c358a4b23077cf058caac94') in 0.032843 seconds
Number of updated asset objects reloaded before import = 0
Number of asset objects unloaded after import = 2
========================================================================
Received Import Request.
  Time since last request: 0.000022 seconds.
  path: Assets/Road Blocker/RoadBlocker1_S.tga
  artifactKey: Guid(9625dde1f82c43244a4f4b234c38e6a4) Importer(815301076,1909f56bfc062723c751e8b465ee728b)
Start importing Assets/Road Blocker/RoadBlocker1_S.tga using Guid(9625dde1f82c43244a4f4b234c38e6a4) Importer(815301076,1909f56bfc062723c751e8b465ee728b)  -> (artifact id: '822eacb7392c12ac2bbe6c454255e462') in 0.030271 seconds
Number of updated asset objects reloaded before import = 0
Number of asset objects unloaded after import = 2
========================================================================
Received Import Request.
  Time since last request: 0.000016 seconds.
  path: Assets/Road Blocker/RoadBlocker2_D.tga
  artifactKey: Guid(54c1ff3d523354e41ae0afd9573fddb2) Importer(815301076,1909f56bfc062723c751e8b465ee728b)
Start importing Assets/Road Blocker/RoadBlocker2_D.tga using Guid(54c1ff3d523354e41ae0afd9573fddb2) Importer(815301076,1909f56bfc062723c751e8b465ee728b)  -> (artifact id: 'bdf6b3f371409834b1f363baec4ad8fe') in 0.029528 seconds
Number of updated asset objects reloaded before import = 0
Number of asset objects unloaded after import = 2
========================================================================
Received Import Request.
  Time since last request: 0.000027 seconds.
  path: Assets/Road Blocker/RoadBlocker1_N.tga
  artifactKey: Guid(611b973c6c2f7a143adbe6b7eddc00b4) Importer(815301076,1909f56bfc062723c751e8b465ee728b)
Start importing Assets/Road Blocker/RoadBlocker1_N.tga using Guid(611b973c6c2f7a143adbe6b7eddc00b4) Importer(815301076,1909f56bfc062723c751e8b465ee728b)  -> (artifact id: '7a330486a885a6ddc493462dbe81f5fb') in 0.035092 seconds
Number of updated asset objects reloaded before import = 0
Number of asset objects unloaded after import = 2
========================================================================
Received Import Request.
  Time since last request: 26.198670 seconds.
  path: Assets/SpaceZeta_StreetLamps/Floor_mat.mat
  artifactKey: Guid(194a7e2c4a9fc5f409dca86a97e93fea) Importer(815301076,1909f56bfc062723c751e8b465ee728b)
Start importing Assets/SpaceZeta_StreetLamps/Floor_mat.mat using Guid(194a7e2c4a9fc5f409dca86a97e93fea) Importer(815301076,1909f56bfc062723c751e8b465ee728b)  -> (artifact id: '96c83bc03229749722fd72acb2917ce0') in 0.030215 seconds
Number of updated asset objects reloaded before import = 0
Number of asset objects unloaded after import = 1
========================================================================
Received Import Request.
  Time since last request: 2.359984 seconds.
  path: Assets/SpaceZeta_StreetLamps/Prefabs/StreetLamp1_Short (Concrete).prefab
  artifactKey: Guid(e55f449d142443c4c96764e849da910a) Importer(815301076,1909f56bfc062723c751e8b465ee728b)
Start importing Assets/SpaceZeta_StreetLamps/Prefabs/StreetLamp1_Short (Concrete).prefab using Guid(e55f449d142443c4c96764e849da910a) Importer(815301076,1909f56bfc062723c751e8b465ee728b)  -> (artifact id: 'fe9c9265e03c2a7820e03e2ff04f7993') in 0.351565 seconds
Number of updated asset objects reloaded before import = 0
Number of asset objects unloaded after import = 20
========================================================================
Received Import Request.
  Time since last request: 0.000022 seconds.
  path: Assets/SpaceZeta_StreetLamps/Prefabs/StreetLamp1_TallDouble (Wood).prefab
  artifactKey: Guid(72cfa7da0ceba1548817523ae7ddacc5) Importer(815301076,1909f56bfc062723c751e8b465ee728b)
Start importing Assets/SpaceZeta_StreetLamps/Prefabs/StreetLamp1_TallDouble (Wood).prefab using Guid(72cfa7da0ceba1548817523ae7ddacc5) Importer(815301076,1909f56bfc062723c751e8b465ee728b)  -> (artifact id: '51e8f39f259caeddee65ac93c3e260e3') in 0.033639 seconds
Number of updated asset objects reloaded before import = 0
Number of asset objects unloaded after import = 26
========================================================================
Received Import Request.
  Time since last request: 0.000034 seconds.
  path: Assets/SpaceZeta_StreetLamps/Prefabs/StreetLamp1_Tall (Wood).prefab
  artifactKey: Guid(3ed485b98833de146b5042f363e30406) Importer(815301076,1909f56bfc062723c751e8b465ee728b)
Start importing Assets/SpaceZeta_StreetLamps/Prefabs/StreetLamp1_Tall (Wood).prefab using Guid(3ed485b98833de146b5042f363e30406) Importer(815301076,1909f56bfc062723c751e8b465ee728b)  -> (artifact id: 'b77fc675e6e73dc7d6a93b5f876aef6b') in 0.029376 seconds
Number of updated asset objects reloaded before import = 0
Number of asset objects unloaded after import = 20
========================================================================
Received Import Request.
  Time since last request: 0.000020 seconds.
  path: Assets/SpaceZeta_StreetLamps/Prefabs/StreetLamp1_Tall (Concrete).prefab
  artifactKey: Guid(d72ff925f26cac64eab6c2d0b0414f4e) Importer(815301076,1909f56bfc062723c751e8b465ee728b)
Start importing Assets/SpaceZeta_StreetLamps/Prefabs/StreetLamp1_Tall (Concrete).prefab using Guid(d72ff925f26cac64eab6c2d0b0414f4e) Importer(815301076,1909f56bfc062723c751e8b465ee728b)  -> (artifact id: '4163a0416db7ff894f5bc25845cfc128') in 0.029150 seconds
Number of updated asset objects reloaded before import = 0
Number of asset objects unloaded after import = 20
========================================================================
Received Import Request.
  Time since last request: 0.000019 seconds.
  path: Assets/SpaceZeta_StreetLamps/Prefabs/StreetLamp1_TallDouble (Concrete).prefab
  artifactKey: Guid(f65e2864640061144b355703287a53e0) Importer(815301076,1909f56bfc062723c751e8b465ee728b)
Start importing Assets/SpaceZeta_StreetLamps/Prefabs/StreetLamp1_TallDouble (Concrete).prefab using Guid(f65e2864640061144b355703287a53e0) Importer(815301076,1909f56bfc062723c751e8b465ee728b)  -> (artifact id: '88ba014e544700a1e248aa403001bc13') in 0.031260 seconds
Number of updated asset objects reloaded before import = 0
Number of asset objects unloaded after import = 26
========================================================================
Received Import Request.
  Time since last request: 0.000034 seconds.
  path: Assets/SpaceZeta_StreetLamps/Prefabs/StreetLamp2_Short (Concrete).prefab
  artifactKey: Guid(10078452dab690a4099417aafe441aed) Importer(815301076,1909f56bfc062723c751e8b465ee728b)
Start importing Assets/SpaceZeta_StreetLamps/Prefabs/StreetLamp2_Short (Concrete).prefab using Guid(10078452dab690a4099417aafe441aed) Importer(815301076,1909f56bfc062723c751e8b465ee728b)  -> (artifact id: 'aec45f9193744d31be1cb938804ef1fa') in 0.043926 seconds
Number of updated asset objects reloaded before import = 0
Number of asset objects unloaded after import = 20
Editor requested this worker to shutdown with reason: Scaling down because of idle timeout
TcpMessagingSession - receive error: operation aborted. errorcode: 995, details: The I/O operation has been aborted because of either a thread exit or an application request.
AssetImportWorker is now disconnected from the server
Process exiting
Exiting without the bug reporter. Application will terminate with return code 0